<?xml version="1.0" encoding="UTF-8"?>
<!-- Generated by org.testng.reporters.JUnitXMLReporter -->
<testsuite ignored="0" hostname="Hasna" failures="0" tests="8" name="Nike Test Cases" time="95.433" errors="0" timestamp="2023-02-06T11:02:17 EST">
  <testcase classname="testFile.LoginPageTest" name="loginPageTiltleTest" time="0.019"/>
  <testcase classname="testFile.LoginPageTest" name="loginImageTest" time="0.082"/>
  <testcase classname="testFile.LoginPageTest" name="loginTest" time="1.122"/>
  <testcase classname="testFile.LoginPageTest" name="LoginWithWrongEmail" time="0.718"/>
  <testcase classname="testFile.LoginPageTest" name="verifyWomenTitle" time="3.876"/>
  <testcase classname="testFile.WomenPageTest" name="WomenPageTiltleTest" time="0.01"/>
  <testcase classname="testFile.WomenPageTest" name="WomenTestLabel" time="0.12"/>
  <testcase classname="testFile.WomenPageTest" name="JordanLogoTest" time="0.117"/>
</testsuite> <!-- Nike Test Cases -->
