<?xml version="1.0" encoding="UTF-8"?>
<testng-results ignored="0" total="8" passed="8" failed="0" skipped="0">
  <reporter-output>
  </reporter-output>
  <suite started-at="2023-02-06T11:00:41 EST" name="Nike Automation Test Suite" finished-at="2023-02-06T11:02:17 EST" duration-ms="95433">
    <groups>
    </groups>
    <test started-at="2023-02-06T11:00:41 EST" name="Nike Test Cases" finished-at="2023-02-06T11:02:17 EST" duration-ms="95433">
      <class name="testFile.LoginPageTest">
        <test-method is-config="true" signature="setUp()[pri:0, instance:testFile.LoginPageTest@65c7a252]" started-at="2023-02-06T11:00:41 EST" name="setUp" finished-at="2023-02-06T11:00:48 EST" duration-ms="7285" status="PASS">
          <reporter-output>
          </reporter-output>
        </test-method> <!-- setUp -->
        <test-method signature="loginPageTiltleTest()[pri:1, instance:testFile.LoginPageTest@65c7a252]" started-at="2023-02-06T11:00:48 EST" name="loginPageTiltleTest" finished-at="2023-02-06T11:00:48 EST" duration-ms="19" status="PASS">
          <reporter-output>
          </reporter-output>
        </test-method> <!-- loginPageTiltleTest -->
        <test-method is-config="true" signature="tearDown()[pri:0, instance:testFile.LoginPageTest@65c7a252]" started-at="2023-02-06T11:00:48 EST" name="tearDown" finished-at="2023-02-06T11:00:51 EST" duration-ms="2452" status="PASS">
          <reporter-output>
          </reporter-output>
        </test-method> <!-- tearDown -->
        <test-method is-config="true" signature="setUp()[pri:0, instance:testFile.LoginPageTest@65c7a252]" started-at="2023-02-06T11:00:51 EST" name="setUp" finished-at="2023-02-06T11:00:59 EST" duration-ms="7896" status="PASS">
          <reporter-output>
          </reporter-output>
        </test-method> <!-- setUp -->
        <test-method signature="loginImageTest()[pri:2, instance:testFile.LoginPageTest@65c7a252]" started-at="2023-02-06T11:00:59 EST" name="loginImageTest" finished-at="2023-02-06T11:00:59 EST" duration-ms="82" status="PASS">
          <reporter-output>
          </reporter-output>
        </test-method> <!-- loginImageTest -->
        <test-method is-config="true" signature="tearDown()[pri:0, instance:testFile.LoginPageTest@65c7a252]" started-at="2023-02-06T11:00:59 EST" name="tearDown" finished-at="2023-02-06T11:01:01 EST" duration-ms="1932" status="PASS">
          <reporter-output>
          </reporter-output>
        </test-method> <!-- tearDown -->
        <test-method is-config="true" signature="setUp()[pri:0, instance:testFile.LoginPageTest@65c7a252]" started-at="2023-02-06T11:01:01 EST" name="setUp" finished-at="2023-02-06T11:01:07 EST" duration-ms="6400" status="PASS">
          <reporter-output>
          </reporter-output>
        </test-method> <!-- setUp -->
        <test-method signature="loginTest()[pri:3, instance:testFile.LoginPageTest@65c7a252]" started-at="2023-02-06T11:01:07 EST" name="loginTest" finished-at="2023-02-06T11:01:08 EST" duration-ms="1122" status="PASS">
          <reporter-output>
          </reporter-output>
        </test-method> <!-- loginTest -->
        <test-method is-config="true" signature="tearDown()[pri:0, instance:testFile.LoginPageTest@65c7a252]" started-at="2023-02-06T11:01:08 EST" name="tearDown" finished-at="2023-02-06T11:01:11 EST" duration-ms="2244" status="PASS">
          <reporter-output>
          </reporter-output>
        </test-method> <!-- tearDown -->
        <test-method is-config="true" signature="setUp()[pri:0, instance:testFile.LoginPageTest@65c7a252]" started-at="2023-02-06T11:01:11 EST" name="setUp" finished-at="2023-02-06T11:01:18 EST" duration-ms="7098" status="PASS">
          <reporter-output>
          </reporter-output>
        </test-method> <!-- setUp -->
        <test-method signature="LoginWithWrongEmail()[pri:4, instance:testFile.LoginPageTest@65c7a252]" started-at="2023-02-06T11:01:18 EST" name="LoginWithWrongEmail" finished-at="2023-02-06T11:01:18 EST" duration-ms="718" status="PASS">
          <reporter-output>
          </reporter-output>
        </test-method> <!-- LoginWithWrongEmail -->
        <test-method is-config="true" signature="tearDown()[pri:0, instance:testFile.LoginPageTest@65c7a252]" started-at="2023-02-06T11:01:18 EST" name="tearDown" finished-at="2023-02-06T11:01:20 EST" duration-ms="1985" status="PASS">
          <reporter-output>
          </reporter-output>
        </test-method> <!-- tearDown -->
        <test-method is-config="true" signature="setUp()[pri:0, instance:testFile.LoginPageTest@65c7a252]" started-at="2023-02-06T11:01:20 EST" name="setUp" finished-at="2023-02-06T11:01:27 EST" duration-ms="6196" status="PASS">
          <reporter-output>
          </reporter-output>
        </test-method> <!-- setUp -->
        <test-method signature="verifyWomenTitle()[pri:5, instance:testFile.LoginPageTest@65c7a252]" started-at="2023-02-06T11:01:27 EST" name="verifyWomenTitle" finished-at="2023-02-06T11:01:31 EST" duration-ms="3876" status="PASS">
          <reporter-output>
          </reporter-output>
        </test-method> <!-- verifyWomenTitle -->
        <test-method is-config="true" signature="tearDown()[pri:0, instance:testFile.LoginPageTest@65c7a252]" started-at="2023-02-06T11:01:31 EST" name="tearDown" finished-at="2023-02-06T11:01:33 EST" duration-ms="2716" status="PASS">
          <reporter-output>
          </reporter-output>
        </test-method> <!-- tearDown -->
      </class> <!-- testFile.LoginPageTest -->
      <class name="testFile.WomenPageTest">
        <test-method is-config="true" signature="setUp()[pri:0, instance:testFile.WomenPageTest@8f2ef19]" started-at="2023-02-06T11:01:33 EST" name="setUp" finished-at="2023-02-06T11:01:45 EST" duration-ms="11925" status="PASS">
          <reporter-output>
          </reporter-output>
        </test-method> <!-- setUp -->
        <test-method signature="WomenPageTiltleTest()[pri:1, instance:testFile.WomenPageTest@8f2ef19]" started-at="2023-02-06T11:01:45 EST" name="WomenPageTiltleTest" finished-at="2023-02-06T11:01:45 EST" duration-ms="10" status="PASS">
          <reporter-output>
          </reporter-output>
        </test-method> <!-- WomenPageTiltleTest -->
        <test-method is-config="true" signature="afterMethod()[pri:0, instance:testFile.WomenPageTest@8f2ef19]" started-at="2023-02-06T11:01:45 EST" name="afterMethod" finished-at="2023-02-06T11:01:48 EST" duration-ms="3066" status="PASS">
          <reporter-output>
          </reporter-output>
        </test-method> <!-- afterMethod -->
        <test-method is-config="true" signature="setUp()[pri:0, instance:testFile.WomenPageTest@8f2ef19]" started-at="2023-02-06T11:01:48 EST" name="setUp" finished-at="2023-02-06T11:02:00 EST" duration-ms="11483" status="PASS">
          <reporter-output>
          </reporter-output>
        </test-method> <!-- setUp -->
        <test-method signature="WomenTestLabel()[pri:2, instance:testFile.WomenPageTest@8f2ef19]" started-at="2023-02-06T11:02:00 EST" name="WomenTestLabel" finished-at="2023-02-06T11:02:00 EST" duration-ms="120" status="PASS">
          <reporter-output>
          </reporter-output>
        </test-method> <!-- WomenTestLabel -->
        <test-method is-config="true" signature="afterMethod()[pri:0, instance:testFile.WomenPageTest@8f2ef19]" started-at="2023-02-06T11:02:00 EST" name="afterMethod" finished-at="2023-02-06T11:02:02 EST" duration-ms="2507" status="PASS">
          <reporter-output>
          </reporter-output>
        </test-method> <!-- afterMethod -->
        <test-method is-config="true" signature="setUp()[pri:0, instance:testFile.WomenPageTest@8f2ef19]" started-at="2023-02-06T11:02:02 EST" name="setUp" finished-at="2023-02-06T11:02:13 EST" duration-ms="10735" status="PASS">
          <reporter-output>
          </reporter-output>
        </test-method> <!-- setUp -->
        <test-method signature="JordanLogoTest()[pri:3, instance:testFile.WomenPageTest@8f2ef19]" started-at="2023-02-06T11:02:13 EST" name="JordanLogoTest" finished-at="2023-02-06T11:02:13 EST" duration-ms="117" status="PASS">
          <reporter-output>
          </reporter-output>
        </test-method> <!-- JordanLogoTest -->
        <test-method is-config="true" signature="afterMethod()[pri:0, instance:testFile.WomenPageTest@8f2ef19]" started-at="2023-02-06T11:02:13 EST" name="afterMethod" finished-at="2023-02-06T11:02:17 EST" duration-ms="3370" status="PASS">
          <reporter-output>
          </reporter-output>
        </test-method> <!-- afterMethod -->
      </class> <!-- testFile.WomenPageTest -->
    </test> <!-- Nike Test Cases -->
  </suite> <!-- Nike Automation Test Suite -->
</testng-results>
